#-----------------------------------------------------------
# xsim v2019.2 (64-bit)
# SW Build 2708876 on Wed Nov  6 21:39:14 MST 2019
# IP Build 2700528 on Thu Nov  7 00:09:20 MST 2019
# Start of session at: Sat May  2 15:01:40 2020
# Process ID: 8586
# Current directory: /home/gigo/neural_net_HLS/solution1/sim/vhdl
# Command line: xsim -mode tcl -source {xsim.dir/kernel/xsim_script.tcl}
# Log file: /home/gigo/neural_net_HLS/solution1/sim/vhdl/xsim.log
# Journal file: /home/gigo/neural_net_HLS/solution1/sim/vhdl/xsim.jou
#-----------------------------------------------------------
source xsim.dir/kernel/xsim_script.tcl
# xsim {kernel} -autoloadwcfg -tclbatch {kernel.tcl}
Vivado Simulator 2019.2
Time resolution is 1 ps
source kernel.tcl
## run all
Warning: OPMODE Input Warning : The OPMODE 0110X0X with CARRYINSEL  000 to DSP48E1 instance is invalid.
Time: 100010 ps  Iteration: 0  Process: /apatb_kernel_top/AESL_inst_kernel/kernel_fadd_32ns_dEe_U42/kernel_ap_fadd_3_full_dsp_32_u/U0/i_synth/addsub_op/ADDSUB/dsp/OP/dsp48e1_body/ALIGN_ADD/DSP2/DSP/prcs_opmode_drc  File: /opt/Xilinx/Vivado/2019.2/data/vhdl/src/unisims/primitive/DSP48E1.vhd
Warning: OPMODE Input Warning : The OPMODE 0110X0X with CARRYINSEL  000 to DSP48E1 instance is invalid.
Time: 185 ns  Iteration: 13  Process: /apatb_kernel_top/AESL_inst_kernel/grp_fft_top_fu_527/dummy_proc_be_U0/kernel_fadd_32ns_dEe_U9/kernel_ap_fadd_3_full_dsp_32_u/U0/i_synth/addsub_op/ADDSUB/dsp/OP/dsp48e1_body/ALIGN_ADD/DSP2/DSP/prcs_opmode_drc  File: /opt/Xilinx/Vivado/2019.2/data/vhdl/src/unisims/primitive/DSP48E1.vhd
