

================================================================
== Vivado HLS Report for 'kernel'
================================================================
* Date:           Mon May  4 11:14:30 2020

* Version:        2019.2 (Build 2704478 on Wed Nov 06 22:10:23 MST 2019)
* Project:        neural_net_HLS
* Solution:       solution1
* Product family: artix7
* Target device:  xc7a35t-cpg236-1


================================================================
== Performance Estimates
================================================================
+ Timing: 
    * Summary: 
    +--------+----------+----------+------------+
    |  Clock |  Target  | Estimated| Uncertainty|
    +--------+----------+----------+------------+
    |ap_clk  | 10.00 ns | 9.342 ns |   1.25 ns  |
    +--------+----------+----------+------------+

+ Latency: 
    * Summary: 
    +---------+---------+----------+----------+-------+-------+---------+
    |  Latency (cycles) |  Latency (absolute) |    Interval   | Pipeline|
    |   min   |   max   |    min   |    max   |  min  |  max  |   Type  |
    +---------+---------+----------+----------+-------+-------+---------+
    |    99476|    99476| 0.995 ms | 0.995 ms |  99476|  99476|   none  |
    +---------+---------+----------+----------+-------+-------+---------+

    + Detail: 
        * Instance: 
        +--------------------+---------+---------+---------+-----------+-----------+------+------+----------+
        |                    |         |  Latency (cycles) |   Latency (absolute)  |   Interval  | Pipeline |
        |      Instance      |  Module |   min   |   max   |    min    |    max    |  min |  max |   Type   |
        +--------------------+---------+---------+---------+-----------+-----------+------+------+----------+
        |grp_fft_top_fu_514  |fft_top  |     6278|     6278| 62.780 us | 62.780 us |  6279|  6279| dataflow |
        |grp_act_fun_fu_522  |act_fun  |       35|       35|  0.350 us |  0.350 us |    35|    35|   none   |
        +--------------------+---------+---------+---------+-----------+-----------+------+------+----------+

        * Loop: 
        +------------+---------+---------+----------+-----------+-----------+------+----------+
        |            |  Latency (cycles) | Iteration|  Initiation Interval  | Trip |          |
        |  Loop Name |   min   |   max   |  Latency |  achieved |   target  | Count| Pipelined|
        +------------+---------+---------+----------+-----------+-----------+------+----------+
        |- loop1     |    90736|    90736|      5671|          -|          -|    16|    no    |
        | + loop1.1  |     5632|     5632|        11|          -|          -|   512|    no    |
        |- loop2     |     1720|     1720|       215|          -|          -|     8|    no    |
        | + loop2.1  |      176|      176|        11|          -|          -|    16|    no    |
        |- loop3     |      508|      508|       127|          -|          -|     4|    no    |
        | + loop3.1  |       88|       88|        11|          -|          -|     8|    no    |
        |- loop4     |      166|      166|        83|          -|          -|     2|    no    |
        | + loop4.1  |       44|       44|        11|          -|          -|     4|    no    |
        |- loopout   |       22|       22|        11|          -|          -|     2|    no    |
        +------------+---------+---------+----------+-----------+-----------+------+----------+



================================================================
== Utilization Estimates
================================================================
* Summary: 
+-----------------+---------+-------+-------+-------+-----+
|       Name      | BRAM_18K| DSP48E|   FF  |  LUT  | URAM|
+-----------------+---------+-------+-------+-------+-----+
|DSP              |        -|      -|      -|      -|    -|
|Expression       |        -|      -|      0|    322|    -|
|FIFO             |        -|      -|      -|      -|    -|
|Instance         |       16|     48|  16152|  15586|    -|
|Memory           |       19|      -|    448|     35|    0|
|Multiplexer      |        -|      -|      -|    699|    -|
|Register         |        -|      -|    698|      -|    -|
+-----------------+---------+-------+-------+-------+-----+
|Total            |       35|     48|  17298|  16642|    0|
+-----------------+---------+-------+-------+-------+-----+
|Available        |      100|     90|  41600|  20800|    0|
+-----------------+---------+-------+-------+-------+-----+
|Utilization (%)  |       35|     53|     41|     80|    0|
+-----------------+---------+-------+-------+-------+-----+

+ Detail: 
    * Instance: 
    +--------------------------+----------------------+---------+-------+-------+-------+-----+
    |         Instance         |        Module        | BRAM_18K| DSP48E|   FF  |  LUT  | URAM|
    +--------------------------+----------------------+---------+-------+-------+-------+-----+
    |grp_act_fun_fu_522        |act_fun               |        0|     14|   1617|   1902|    0|
    |grp_fft_top_fu_514        |fft_top               |       16|     29|  13957|  13152|    0|
    |kernel_dcmp_64ns_lbW_U41  |kernel_dcmp_64ns_lbW  |        0|      0|    130|    133|    0|
    |kernel_fadd_32ns_eOg_U38  |kernel_fadd_32ns_eOg  |        0|      2|    205|    205|    0|
    |kernel_fmul_32ns_bkb_U39  |kernel_fmul_32ns_bkb  |        0|      3|    143|    140|    0|
    |kernel_fpext_32nsdEe_U40  |kernel_fpext_32nsdEe  |        0|      0|    100|     54|    0|
    +--------------------------+----------------------+---------+-------+-------+-------+-----+
    |Total                     |                      |       16|     48|  16152|  15586|    0|
    +--------------------------+----------------------+---------+-------+-------+-------+-----+

    * DSP48E: 
    N/A

    * Memory: 
    +--------+-------------+---------+----+----+-----+------+-----+------+-------------+
    | Memory |    Module   | BRAM_18K| FF | LUT| URAM| Words| Bits| Banks| W*Bits*Banks|
    +--------+-------------+---------+----+----+-----+------+-----+------+-------------+
    |b1_U    |kernel_b1    |        0|  32|   8|    0|    16|   32|     1|          512|
    |b2_U    |kernel_b2    |        0|  32|   4|    0|     8|   32|     1|          256|
    |b3_U    |kernel_b3    |        0|  32|   2|    0|     4|   32|     1|          128|
    |b4_U    |kernel_b4    |        0|  32|   1|    0|     2|   32|     1|           64|
    |vec0_U  |kernel_vec0  |        1|   0|   0|    0|   512|   32|     1|        16384|
    |vec1_U  |kernel_vec1  |        0|  64|   8|    0|    16|   32|     1|          512|
    |vec2_U  |kernel_vec2  |        0|  64|   4|    0|     8|   32|     1|          256|
    |vec3_U  |kernel_vec3  |        0|  64|   2|    0|     4|   32|     1|          128|
    |vec4_U  |kernel_vec4  |        0|  64|   1|    0|     2|   32|     1|           64|
    |w1_U    |kernel_w1    |       16|   0|   0|    0|  8192|   32|     1|       262144|
    |w2_U    |kernel_w2    |        1|   0|   0|    0|   128|   32|     1|         4096|
    |w3_U    |kernel_w3    |        1|   0|   0|    0|    32|   32|     1|         1024|
    |w4_U    |kernel_w4    |        0|  32|   4|    0|     8|   32|     1|          256|
    |w5_U    |kernel_w5    |        0|  32|   1|    0|     2|   32|     1|           64|
    +--------+-------------+---------+----+----+-----+------+-----+------+-------------+
    |Total   |             |       19| 448|  35|    0|  8934|  448|    14|       285888|
    +--------+-------------+---------+----+----+-----+------+-----+------+-------------+

    * FIFO: 
    N/A

    * Expression: 
    +-------------------------------------+----------+-------+---+----+------------+------------+
    |            Variable Name            | Operation| DSP48E| FF| LUT| Bitwidth P0| Bitwidth P1|
    +-------------------------------------+----------+-------+---+----+------------+------------+
    |add_ln29_fu_623_p2                   |     +    |      0|  0|  20|          13|          13|
    |add_ln37_fu_678_p2                   |     +    |      0|  0|  15|           7|           7|
    |add_ln44_fu_738_p2                   |     +    |      0|  0|  15|           5|           5|
    |add_ln51_fu_794_p2                   |     +    |      0|  0|  12|           3|           3|
    |i_1_fu_639_p2                        |     +    |      0|  0|  13|           4|           1|
    |i_2_fu_699_p2                        |     +    |      0|  0|  12|           3|           1|
    |i_3_fu_759_p2                        |     +    |      0|  0|  10|           2|           1|
    |i_fu_579_p2                          |     +    |      0|  0|  15|           5|           1|
    |j_1_fu_672_p2                        |     +    |      0|  0|  15|           5|           1|
    |j_2_fu_732_p2                        |     +    |      0|  0|  13|           4|           1|
    |j_3_fu_815_p2                        |     +    |      0|  0|  10|           2|           1|
    |j_4_fu_788_p2                        |     +    |      0|  0|  12|           3|           1|
    |j_fu_612_p2                          |     +    |      0|  0|  17|          10|           1|
    |res                                  |    and   |      0|  0|   2|           1|           1|
    |icmp_ln26_fu_573_p2                  |   icmp   |      0|  0|  11|           5|           6|
    |icmp_ln28_fu_606_p2                  |   icmp   |      0|  0|  13|          10|          11|
    |icmp_ln34_fu_633_p2                  |   icmp   |      0|  0|  11|           4|           5|
    |icmp_ln36_fu_666_p2                  |   icmp   |      0|  0|  11|           5|           6|
    |icmp_ln41_fu_693_p2                  |   icmp   |      0|  0|   9|           3|           4|
    |icmp_ln43_fu_726_p2                  |   icmp   |      0|  0|  11|           4|           5|
    |icmp_ln48_fu_753_p2                  |   icmp   |      0|  0|   9|           2|           3|
    |icmp_ln50_fu_782_p2                  |   icmp   |      0|  0|   9|           3|           4|
    |icmp_ln56_fu_809_p2                  |   icmp   |      0|  0|   9|           2|           3|
    |icmp_ln60_1_fu_850_p2                |   icmp   |      0|  0|  29|          52|           1|
    |icmp_ln60_fu_844_p2                  |   icmp   |      0|  0|  13|          11|           2|
    |ap_sync_grp_fft_top_fu_514_ap_done   |    or    |      0|  0|   2|           1|           1|
    |ap_sync_grp_fft_top_fu_514_ap_ready  |    or    |      0|  0|   2|           1|           1|
    |or_ln60_fu_856_p2                    |    or    |      0|  0|   2|           1|           1|
    +-------------------------------------+----------+-------+---+----+------------+------------+
    |Total                                |          |      0|  0| 322|         171|          91|
    +-------------------------------------+----------+-------+---+----+------------+------------+

    * Multiplexer: 
    +------------------------+-----+-----------+-----+-----------+
    |          Name          | LUT | Input Size| Bits| Total Bits|
    +------------------------+-----+-----------+-----+-----------+
    |ap_NS_fsm               |  333|         75|    1|         75|
    |empty_21_reg_371        |    9|          2|   32|         64|
    |empty_25_reg_403        |    9|          2|   32|         64|
    |empty_29_reg_436        |    9|          2|   32|         64|
    |empty_33_reg_469        |    9|          2|   32|         64|
    |grp_act_fun_fu_522_vec  |   33|          6|   32|        192|
    |grp_fu_536_p0           |   33|          6|   32|        192|
    |grp_fu_545_p0           |   33|          6|   32|        192|
    |grp_fu_545_p1           |   33|          6|   32|        192|
    |i1_0_reg_392            |    9|          2|    4|          8|
    |i3_0_reg_425            |    9|          2|    3|          6|
    |i5_0_reg_458            |    9|          2|    2|          4|
    |i_0_reg_360             |    9|          2|    5|         10|
    |j2_0_reg_413            |    9|          2|    5|         10|
    |j4_0_reg_446            |    9|          2|    4|          8|
    |j6_0_reg_479            |    9|          2|    3|          6|
    |j7_0_reg_503            |    9|          2|    2|          4|
    |j_0_reg_381             |    9|          2|   10|         20|
    |op_read                 |    9|          2|    1|          2|
    |res_t_0_reg_491         |    9|          2|   32|         64|
    |vec0_address0           |   15|          3|    9|         27|
    |vec0_ce0                |   15|          3|    1|          3|
    |vec0_we0                |    9|          2|    1|          2|
    |vec1_address0           |   15|          3|    4|         12|
    |vec2_address0           |   15|          3|    3|          9|
    |vec3_address0           |   15|          3|    2|          6|
    |vec4_address0           |   15|          3|    1|          3|
    +------------------------+-----+-----------+-----+-----------+
    |Total                   |  699|        149|  349|       1303|
    +------------------------+-----+-----------+-----+-----------+

    * Register: 
    +-----------------------------------------+----+----+-----+-----------+
    |                   Name                  | FF | LUT| Bits| Const Bits|
    +-----------------------------------------+----+----+-----+-----------+
    |ap_CS_fsm                                |  74|   0|   74|          0|
    |ap_sync_reg_grp_fft_top_fu_514_ap_done   |   1|   0|    1|          0|
    |ap_sync_reg_grp_fft_top_fu_514_ap_ready  |   1|   0|    1|          0|
    |empty_21_reg_371                         |  32|   0|   32|          0|
    |empty_25_reg_403                         |  32|   0|   32|          0|
    |empty_29_reg_436                         |  32|   0|   32|          0|
    |empty_33_reg_469                         |  32|   0|   32|          0|
    |grp_act_fun_fu_522_ap_start_reg          |   1|   0|    1|          0|
    |grp_fft_top_fu_514_ap_start_reg          |   1|   0|    1|          0|
    |i1_0_reg_392                             |   4|   0|    4|          0|
    |i3_0_reg_425                             |   3|   0|    3|          0|
    |i5_0_reg_458                             |   2|   0|    2|          0|
    |i_0_reg_360                              |   5|   0|    5|          0|
    |i_1_reg_931                              |   4|   0|    4|          0|
    |i_2_reg_992                              |   3|   0|    3|          0|
    |i_3_reg_1053                             |   2|   0|    2|          0|
    |i_reg_870                                |   5|   0|    5|          0|
    |icmp_ln60_1_reg_1160                     |   1|   0|    1|          0|
    |icmp_ln60_reg_1155                       |   1|   0|    1|          0|
    |j2_0_reg_413                             |   5|   0|    5|          0|
    |j4_0_reg_446                             |   4|   0|    4|          0|
    |j6_0_reg_479                             |   3|   0|    3|          0|
    |j7_0_reg_503                             |   2|   0|    2|          0|
    |j_0_reg_381                              |  10|   0|   10|          0|
    |j_1_reg_964                              |   5|   0|    5|          0|
    |j_2_reg_1025                             |   4|   0|    4|          0|
    |j_3_reg_1114                             |   2|   0|    2|          0|
    |j_4_reg_1086                             |   3|   0|    3|          0|
    |j_reg_903                                |  10|   0|   10|          0|
    |reg_560                                  |  32|   0|   32|          0|
    |res_t_0_reg_491                          |  32|   0|   32|          0|
    |res_t_reg_1144                           |  32|   0|   32|          0|
    |shl_ln1_reg_956                          |   3|   0|    7|          4|
    |shl_ln2_reg_1017                         |   2|   0|    5|          3|
    |shl_ln3_reg_1078                         |   1|   0|    3|          2|
    |shl_ln_reg_895                           |   4|   0|   13|          9|
    |tmp_s_reg_1149                           |  64|   0|   64|          0|
    |trunc_ln29_reg_885                       |   4|   0|    4|          0|
    |trunc_ln37_reg_946                       |   3|   0|    3|          0|
    |trunc_ln44_reg_1007                      |   2|   0|    2|          0|
    |trunc_ln51_reg_1068                      |   1|   0|    1|          0|
    |vec0_load_reg_918                        |  32|   0|   32|          0|
    |vec1_addr_reg_880                        |   4|   0|    4|          0|
    |vec2_addr_reg_941                        |   3|   0|    3|          0|
    |vec3_addr_reg_1002                       |   2|   0|    2|          0|
    |vec4_addr_reg_1063                       |   1|   0|    1|          0|
    |vec4_load_reg_1129                       |  32|   0|   32|          0|
    |w1_load_reg_923                          |  32|   0|   32|          0|
    |w2_load_reg_979                          |  32|   0|   32|          0|
    |w3_load_reg_1040                         |  32|   0|   32|          0|
    |w4_load_reg_1101                         |  32|   0|   32|          0|
    |w5_load_reg_1134                         |  32|   0|   32|          0|
    +-----------------------------------------+----+----+-----+-----------+
    |Total                                    | 698|   0|  716|         18|
    +-----------------------------------------+----+----+-----+-----------+



================================================================
== Interface
================================================================
* Summary: 
+------------+-----+-----+------------+--------------+--------------+
|  RTL Ports | Dir | Bits|  Protocol  | Source Object|    C Type    |
+------------+-----+-----+------------+--------------+--------------+
|ap_clk      |  in |    1| ap_ctrl_hs |    kernel    | return value |
|ap_rst      |  in |    1| ap_ctrl_hs |    kernel    | return value |
|ap_start    |  in |    1| ap_ctrl_hs |    kernel    | return value |
|ap_done     | out |    1| ap_ctrl_hs |    kernel    | return value |
|ap_idle     | out |    1| ap_ctrl_hs |    kernel    | return value |
|ap_ready    | out |    1| ap_ctrl_hs |    kernel    | return value |
|op_dout     |  in |   16|   ap_fifo  |      op      |    pointer   |
|op_empty_n  |  in |    1|   ap_fifo  |      op      |    pointer   |
|op_read     | out |    1|   ap_fifo  |      op      |    pointer   |
|res         | out |    1|   ap_ovld  |      res     |    pointer   |
|res_ap_vld  | out |    1|   ap_ovld  |      res     |    pointer   |
+------------+-----+-----+------------+--------------+--------------+

